Using pre-set license

 COMMAND LINE ARGUMENTS:
/Users/benjiaminsong/Unity/2020.3.15f2/Unity.app/Contents/MacOS/Unity
-adb2
-batchMode
-noUpm
-name
AssetImportWorker0
-projectPath
/Users/benjiaminsong/GitHub/Unity/Unity-Shader/My project
-logFile
Logs/AssetImportWorker0.log
-srvPort
49817
Successfully changed project path to: /Users/benjiaminsong/GitHub/Unity/Unity-Shader/My project
/Users/benjiaminsong/GitHub/Unity/Unity-Shader/My project
Using Asset Import Pipeline V2.
Refreshing native plugins compatible for Editor in 96.25 ms, found 2 plugins.
Preloading 0 native plugins for Editor in 0.00 ms.
Initialize engine version: 2020.3.15f2 (6cf78cb77498)
[Subsystems] Discovering subsystems at path /Users/benjiaminsong/Unity/2020.3.15f2/Unity.app/Contents/Resources/UnitySubsystems
[Subsystems] Discovering subsystems at path /Users/benjiaminsong/GitHub/Unity/Unity-Shader/My project/Assets
GfxDevice: creating device client; threaded=0
2021-09-06 10:46:54.931 Unity[1915:55399] (null) preferred device: Apple M1 (high power)
2021-09-06 10:46:54.931 Unity[1915:55399] Metal devices available: 1
2021-09-06 10:46:54.931 Unity[1915:55399] 0: Apple M1 (high power)
2021-09-06 10:46:54.932 Unity[1915:55399] Using device Apple M1 (high power)
Initializing Metal device caps: Apple M1
Initialize mono
Mono path[0] = '/Users/benjiaminsong/Unity/2020.3.15f2/Unity.app/Contents/Managed'
Mono path[1] = '/Users/benjiaminsong/Unity/2020.3.15f2/Unity.app/Contents/MonoBleedingEdge/lib/mono/unityjit'
Mono config path = '/Users/benjiaminsong/Unity/2020.3.15f2/Unity.app/Contents/MonoBleedingEdge/etc'
Using monoOptions --debugger-agent=transport=dt_socket,embedding=1,server=y,suspend=n,address=127.0.0.1:56915
Begin MonoManager ReloadAssembly
Registering precompiled unity dll's ...
Register platform support module: /Users/benjiaminsong/Unity/2020.3.15f2/Unity.app/Contents/PlaybackEngines/MacStandaloneSupport/UnityEditor.OSXStandalone.Extensions.dll
Registered in 0.001619 seconds.
Native extension for OSXStandalone target not found
Refreshing native plugins compatible for Editor in 35.76 ms, found 2 plugins.
Preloading 0 native plugins for Editor in 0.00 ms.
Mono: successfully reloaded assembly
- Completed reload, in  2.305 seconds
Domain Reload Profiling:
	ReloadAssembly (2306ms)
		BeginReloadAssembly (116ms)
			ExecutionOrderSort (0ms)
			DisableScriptedObjects (0ms)
			BackupInstance (0ms)
			ReleaseScriptingObjects (0ms)
			CreateAndSetChildDomain (2ms)
		EndReloadAssembly (885ms)
			LoadAssemblies (113ms)
			RebuildTransferFunctionScriptingTraits (0ms)
			SetupTypeCache (193ms)
			ReleaseScriptCaches (0ms)
			RebuildScriptCaches (44ms)
			SetupLoadedEditorAssemblies (491ms)
				LogAssemblyErrors (0ms)
				InitializePlatformSupportModulesInManaged (10ms)
				SetLoadedEditorAssemblies (0ms)
				RefreshPlugins (36ms)
				BeforeProcessingInitializeOnLoad (26ms)
				ProcessInitializeOnLoadAttributes (306ms)
				ProcessInitializeOnLoadMethodAttributes (111ms)
				AfterProcessingInitializeOnLoad (0ms)
				EditorAssembliesLoaded (1ms)
			ExecutionOrderSort2 (0ms)
			AwakeInstancesAfterBackupRestoration (0ms)
Platform modules already initialized, skipping
Registering precompiled user dll's ...
Registered in 0.003640 seconds.
Begin MonoManager ReloadAssembly
Native extension for OSXStandalone target not found
Refreshing native plugins compatible for Editor in 0.40 ms, found 2 plugins.
Preloading 0 native plugins for Editor in 0.00 ms.
Mono: successfully reloaded assembly
- Completed reload, in  2.468 seconds
Domain Reload Profiling:
	ReloadAssembly (2470ms)
		BeginReloadAssembly (291ms)
			ExecutionOrderSort (0ms)
			DisableScriptedObjects (30ms)
			BackupInstance (0ms)
			ReleaseScriptingObjects (0ms)
			CreateAndSetChildDomain (40ms)
		EndReloadAssembly (2088ms)
			LoadAssemblies (185ms)
			RebuildTransferFunctionScriptingTraits (0ms)
			SetupTypeCache (331ms)
			ReleaseScriptCaches (0ms)
			RebuildScriptCaches (57ms)
			SetupLoadedEditorAssemblies (1272ms)
				LogAssemblyErrors (0ms)
				InitializePlatformSupportModulesInManaged (12ms)
				SetLoadedEditorAssemblies (1ms)
				RefreshPlugins (0ms)
				BeforeProcessingInitializeOnLoad (200ms)
				ProcessInitializeOnLoadAttributes (1023ms)
				ProcessInitializeOnLoadMethodAttributes (33ms)
				AfterProcessingInitializeOnLoad (1ms)
				EditorAssembliesLoaded (0ms)
			ExecutionOrderSort2 (0ms)
			AwakeInstancesAfterBackupRestoration (29ms)
Platform modules already initialized, skipping
========================================================================
Worker process is ready to serve import requests
Launching external process: /Users/benjiaminsong/Unity/2020.3.15f2/Unity.app/Contents/Tools/UnityShaderCompiler
Launched and connected shader compiler UnityShaderCompiler after 0.03 seconds
Refreshing native plugins compatible for Editor in 0.39 ms, found 2 plugins.
Preloading 0 native plugins for Editor in 0.00 ms.
Unloading 1643 Unused Serialized files (Serialized files now loaded: 0)
System memory in use before: 191.8 MB.
System memory in use after: 191.9 MB.

Unloading 22 unused Assets to reduce memory usage. Loaded Objects now: 2124.
Total: 2.369166 ms (FindLiveObjects: 0.114042 ms CreateObjectMapping: 0.031125 ms MarkObjects: 2.107458 ms  DeleteObjects: 0.115041 ms)

AssetImportParameters requested are different than current active one (requested -> active):
  custom:video-decoder-ogg-theora: a1e56fd34408186e4bbccfd4996cb3dc -> 
  custom:container-muxer-webm: aa71ff27fc2769a1b78a27578f13a17b -> 
  custom:container-demuxer-webm: 4f35f7cbe854078d1ac9338744f61a02 -> 
  custom:container-demuxer-ogg: 62fdf1f143b41e24485cea50d1cbac27 -> 
  custom:video-encoder-webm-vp8: eb34c28f22e8b96e1ab97ce403110664 -> 
  custom:framework-osx-AVFoundation: e770b220cccbd017edd2c1fefb359320 -> 
  custom:video-decoder-webm-vp8: 9c59270c3fd7afecdb556c50c9e8de78 -> 
  custom:audio-decoder-ogg-vorbis: bf7c407c2cedff20999df2af8eb42d56 -> 
  custom:audio-encoder-webm-vorbis: bf7c407c2cedff20999df2af8eb42d56 -> 
========================================================================
Received Import Request.
  path: Assets/L13/RPGPP_LT
  artifactKey: Guid(e62b2ca138a1b4e86b5e175ad6c5a88e) Importer(815301076,1909f56bfc062723c751e8b465ee728b)
Start importing Assets/L13/RPGPP_LT using Guid(e62b2ca138a1b4e86b5e175ad6c5a88e) Importer(815301076,1909f56bfc062723c751e8b465ee728b)  -> (artifact id: 'd0c6b0d09264268ab35db705b19056b4') in 0.006848 seconds 
  Import took 0.009418 seconds .

========================================================================
Received Import Request.
  Time since last request: 682.434638 seconds.
  path: Assets/L13/RPGPP_LT/Scene/rpgpp_lt_scene_1.0_Profiles
  artifactKey: Guid(77adf97d91da342d6956f8ca285b8bc2) Importer(815301076,1909f56bfc062723c751e8b465ee728b)
Start importing Assets/L13/RPGPP_LT/Scene/rpgpp_lt_scene_1.0_Profiles using Guid(77adf97d91da342d6956f8ca285b8bc2) Importer(815301076,1909f56bfc062723c751e8b465ee728b)  -> (artifact id: '2d13bb797c3f29b5c025bd2c12a4a4ad') in 0.003779 seconds 
  Import took 0.018551 seconds .

========================================================================
Received Import Request.
  Time since last request: 0.041798 seconds.
  path: Assets/L13/RPGPP_LT/Scene/rpgpp_lt_scene_1.0_Profiles/Post-process Volume Profile.asset
  artifactKey: Guid(2f4a9de55bb5b481eb5ae9f939d0e4ec) Importer(815301076,1909f56bfc062723c751e8b465ee728b)
Start importing Assets/L13/RPGPP_LT/Scene/rpgpp_lt_scene_1.0_Profiles/Post-process Volume Profile.asset using Guid(2f4a9de55bb5b481eb5ae9f939d0e4ec) Importer(815301076,1909f56bfc062723c751e8b465ee728b)  -> (artifact id: '5eded9754862463112ffde8c55c13164') in 0.891008 seconds 
  Import took 0.895205 seconds .

========================================================================
Received Import Request.
  Time since last request: 159.064069 seconds.
  path: Assets/L13/RPGPP_LT/Scene/rpgpp_lt_scene_1.0_Profiles/Post-process Volume Profile.asset
  artifactKey: Guid(2f4a9de55bb5b481eb5ae9f939d0e4ec) Importer(815301076,1909f56bfc062723c751e8b465ee728b)
Start importing Assets/L13/RPGPP_LT/Scene/rpgpp_lt_scene_1.0_Profiles/Post-process Volume Profile.asset using Guid(2f4a9de55bb5b481eb5ae9f939d0e4ec) Importer(815301076,1909f56bfc062723c751e8b465ee728b)  -> (artifact id: 'db28ef7d722aa6a286cb88c783c60731') in 0.075176 seconds 
  Import took 0.084791 seconds .

========================================================================
Received Import Request.
  Time since last request: 150.308529 seconds.
  path: Assets/L13/RPGPP_LT/Scene/rpgpp_lt_scene_1.0_Profiles/Post-process Volume Profile.asset
  artifactKey: Guid(2f4a9de55bb5b481eb5ae9f939d0e4ec) Importer(815301076,1909f56bfc062723c751e8b465ee728b)
Start importing Assets/L13/RPGPP_LT/Scene/rpgpp_lt_scene_1.0_Profiles/Post-process Volume Profile.asset using Guid(2f4a9de55bb5b481eb5ae9f939d0e4ec) Importer(815301076,1909f56bfc062723c751e8b465ee728b)  -> (artifact id: '3fa7fb2178c74e9be83d18d3e6676307') in 0.008965 seconds 
  Import took 0.030763 seconds .

========================================================================
Received Import Request.
  Time since last request: 58.799158 seconds.
  path: Assets/L13/RPGPP_LT/Scene/rpgpp_lt_scene_1.0.unity
  artifactKey: Guid(d2809ab9b90eea7419d8d90d4c505d35) Importer(815301076,1909f56bfc062723c751e8b465ee728b)
Start importing Assets/L13/RPGPP_LT/Scene/rpgpp_lt_scene_1.0.unity using Guid(d2809ab9b90eea7419d8d90d4c505d35) Importer(815301076,1909f56bfc062723c751e8b465ee728b)  -> (artifact id: 'b91135d7a9817b0799f686e22adab575') in 0.003595 seconds 
  Import took 0.007249 seconds .

========================================================================
Received Import Request.
  Time since last request: 51.213041 seconds.
  path: Assets/L13/RPGPP_LT/Scene/rpgpp_lt_scene_1.0_Profiles/Post-process Volume Profile 1.asset
  artifactKey: Guid(e5952285f68454dffb569af811d5f4a0) Importer(815301076,1909f56bfc062723c751e8b465ee728b)
Start importing Assets/L13/RPGPP_LT/Scene/rpgpp_lt_scene_1.0_Profiles/Post-process Volume Profile 1.asset using Guid(e5952285f68454dffb569af811d5f4a0) Importer(815301076,1909f56bfc062723c751e8b465ee728b)  -> (artifact id: 'b975e9f6d25f1efc23193d145aa8e77f') in 0.003609 seconds 
  Import took 0.007429 seconds .

========================================================================
Received Prepare
Registering precompiled user dll's ...
Registered in 0.004013 seconds.
Begin MonoManager ReloadAssembly
Native extension for OSXStandalone target not found
Refreshing native plugins compatible for Editor in 0.51 ms, found 2 plugins.
Preloading 0 native plugins for Editor in 0.00 ms.
Mono: successfully reloaded assembly
- Completed reload, in  2.604 seconds
Domain Reload Profiling:
	ReloadAssembly (2606ms)
		BeginReloadAssembly (268ms)
			ExecutionOrderSort (0ms)
			DisableScriptedObjects (39ms)
			BackupInstance (0ms)
			ReleaseScriptingObjects (0ms)
			CreateAndSetChildDomain (118ms)
		EndReloadAssembly (2217ms)
			LoadAssemblies (226ms)
			RebuildTransferFunctionScriptingTraits (0ms)
			SetupTypeCache (344ms)
			ReleaseScriptCaches (1ms)
			RebuildScriptCaches (61ms)
			SetupLoadedEditorAssemblies (1300ms)
				LogAssemblyErrors (0ms)
				InitializePlatformSupportModulesInManaged (16ms)
				SetLoadedEditorAssemblies (1ms)
				RefreshPlugins (1ms)
				BeforeProcessingInitializeOnLoad (193ms)
				ProcessInitializeOnLoadAttributes (1054ms)
				ProcessInitializeOnLoadMethodAttributes (34ms)
				AfterProcessingInitializeOnLoad (1ms)
				EditorAssembliesLoaded (0ms)
			ExecutionOrderSort2 (0ms)
			AwakeInstancesAfterBackupRestoration (35ms)
Platform modules already initialized, skipping
Refreshing native plugins compatible for Editor in 0.38 ms, found 2 plugins.
Preloading 0 native plugins for Editor in 0.00 ms.
Unloading 1589 Unused Serialized files (Serialized files now loaded: 0)
System memory in use before: 191.9 MB.
System memory in use after: 192.0 MB.

Unloading 14 unused Assets to reduce memory usage. Loaded Objects now: 2126.
Total: 2.109000 ms (FindLiveObjects: 0.218708 ms CreateObjectMapping: 0.034792 ms MarkObjects: 1.727292 ms  DeleteObjects: 0.127333 ms)

AssetImportParameters requested are different than current active one (requested -> active):
  custom:video-decoder-ogg-theora: a1e56fd34408186e4bbccfd4996cb3dc -> 
  custom:container-muxer-webm: aa71ff27fc2769a1b78a27578f13a17b -> 
  custom:container-demuxer-webm: 4f35f7cbe854078d1ac9338744f61a02 -> 
  custom:container-demuxer-ogg: 62fdf1f143b41e24485cea50d1cbac27 -> 
  custom:video-encoder-webm-vp8: eb34c28f22e8b96e1ab97ce403110664 -> 
  custom:framework-osx-AVFoundation: e770b220cccbd017edd2c1fefb359320 -> 
  custom:video-decoder-webm-vp8: 9c59270c3fd7afecdb556c50c9e8de78 -> 
  custom:audio-decoder-ogg-vorbis: bf7c407c2cedff20999df2af8eb42d56 -> 
  custom:audio-encoder-webm-vorbis: bf7c407c2cedff20999df2af8eb42d56 -> 
========================================================================
Received Import Request.
  Time since last request: 369.075478 seconds.
  path: Assets/L13/RPGPP_LT/Scene/rpgpp_lt_scene_1.0_Profiles/Post-process Volume Profile.asset
  artifactKey: Guid(2f4a9de55bb5b481eb5ae9f939d0e4ec) Importer(815301076,1909f56bfc062723c751e8b465ee728b)
Start importing Assets/L13/RPGPP_LT/Scene/rpgpp_lt_scene_1.0_Profiles/Post-process Volume Profile.asset using Guid(2f4a9de55bb5b481eb5ae9f939d0e4ec) Importer(815301076,1909f56bfc062723c751e8b465ee728b)  -> (artifact id: '6ce15100ab8b481514bff386b470e805') in 0.071746 seconds 
  Import took 0.081780 seconds .

========================================================================
Received Prepare
Registering precompiled user dll's ...
Registered in 0.003912 seconds.
Begin MonoManager ReloadAssembly
Native extension for OSXStandalone target not found
Refreshing native plugins compatible for Editor in 0.39 ms, found 2 plugins.
Preloading 0 native plugins for Editor in 0.00 ms.
Mono: successfully reloaded assembly
- Completed reload, in  2.498 seconds
Domain Reload Profiling:
	ReloadAssembly (2499ms)
		BeginReloadAssembly (266ms)
			ExecutionOrderSort (0ms)
			DisableScriptedObjects (47ms)
			BackupInstance (0ms)
			ReleaseScriptingObjects (0ms)
			CreateAndSetChildDomain (106ms)
		EndReloadAssembly (2134ms)
			LoadAssemblies (197ms)
			RebuildTransferFunctionScriptingTraits (0ms)
			SetupTypeCache (336ms)
			ReleaseScriptCaches (1ms)
			RebuildScriptCaches (58ms)
			SetupLoadedEditorAssemblies (1278ms)
				LogAssemblyErrors (0ms)
				InitializePlatformSupportModulesInManaged (14ms)
				SetLoadedEditorAssemblies (1ms)
				RefreshPlugins (0ms)
				BeforeProcessingInitializeOnLoad (176ms)
				ProcessInitializeOnLoadAttributes (1057ms)
				ProcessInitializeOnLoadMethodAttributes (28ms)
				AfterProcessingInitializeOnLoad (1ms)
				EditorAssembliesLoaded (0ms)
			ExecutionOrderSort2 (0ms)
			AwakeInstancesAfterBackupRestoration (33ms)
Platform modules already initialized, skipping
Refreshing native plugins compatible for Editor in 0.38 ms, found 2 plugins.
Preloading 0 native plugins for Editor in 0.00 ms.
Unloading 1589 Unused Serialized files (Serialized files now loaded: 0)
System memory in use before: 192.5 MB.
System memory in use after: 192.6 MB.

Unloading 14 unused Assets to reduce memory usage. Loaded Objects now: 2128.
Total: 1.619167 ms (FindLiveObjects: 0.132125 ms CreateObjectMapping: 0.031750 ms MarkObjects: 1.351792 ms  DeleteObjects: 0.102625 ms)

AssetImportParameters requested are different than current active one (requested -> active):
  custom:video-decoder-ogg-theora: a1e56fd34408186e4bbccfd4996cb3dc -> 
  custom:container-muxer-webm: aa71ff27fc2769a1b78a27578f13a17b -> 
  custom:container-demuxer-webm: 4f35f7cbe854078d1ac9338744f61a02 -> 
  custom:container-demuxer-ogg: 62fdf1f143b41e24485cea50d1cbac27 -> 
  custom:video-encoder-webm-vp8: eb34c28f22e8b96e1ab97ce403110664 -> 
  custom:framework-osx-AVFoundation: e770b220cccbd017edd2c1fefb359320 -> 
  custom:video-decoder-webm-vp8: 9c59270c3fd7afecdb556c50c9e8de78 -> 
  custom:audio-decoder-ogg-vorbis: bf7c407c2cedff20999df2af8eb42d56 -> 
  custom:audio-encoder-webm-vorbis: bf7c407c2cedff20999df2af8eb42d56 -> 
========================================================================
Received Import Request.
  Time since last request: 235.167587 seconds.
  path: Assets/L13/RPGPP_LT/Scene/rpgpp_lt_scene_1.0_Profiles/Post-process Volume Profile.asset
  artifactKey: Guid(2f4a9de55bb5b481eb5ae9f939d0e4ec) Importer(815301076,1909f56bfc062723c751e8b465ee728b)
Start importing Assets/L13/RPGPP_LT/Scene/rpgpp_lt_scene_1.0_Profiles/Post-process Volume Profile.asset using Guid(2f4a9de55bb5b481eb5ae9f939d0e4ec) Importer(815301076,1909f56bfc062723c751e8b465ee728b)  -> (artifact id: 'ff8338e2869b6e54413b0179c2c34e55') in 0.048210 seconds 
  Import took 0.051016 seconds .

========================================================================
Received Prepare
Registering precompiled user dll's ...
Registered in 0.008659 seconds.
Begin MonoManager ReloadAssembly
Native extension for OSXStandalone target not found
Refreshing native plugins compatible for Editor in 0.39 ms, found 2 plugins.
Preloading 0 native plugins for Editor in 0.00 ms.
Mono: successfully reloaded assembly
- Completed reload, in  2.512 seconds
Domain Reload Profiling:
	ReloadAssembly (2513ms)
		BeginReloadAssembly (299ms)
			ExecutionOrderSort (0ms)
			DisableScriptedObjects (76ms)
			BackupInstance (0ms)
			ReleaseScriptingObjects (0ms)
			CreateAndSetChildDomain (111ms)
		EndReloadAssembly (2118ms)
			LoadAssemblies (235ms)
			RebuildTransferFunctionScriptingTraits (0ms)
			SetupTypeCache (321ms)
			ReleaseScriptCaches (1ms)
			RebuildScriptCaches (58ms)
			SetupLoadedEditorAssemblies (1234ms)
				LogAssemblyErrors (0ms)
				InitializePlatformSupportModulesInManaged (14ms)
				SetLoadedEditorAssemblies (1ms)
				RefreshPlugins (0ms)
				BeforeProcessingInitializeOnLoad (177ms)
				ProcessInitializeOnLoadAttributes (1013ms)
				ProcessInitializeOnLoadMethodAttributes (28ms)
				AfterProcessingInitializeOnLoad (1ms)
				EditorAssembliesLoaded (0ms)
			ExecutionOrderSort2 (0ms)
			AwakeInstancesAfterBackupRestoration (33ms)
Platform modules already initialized, skipping
Refreshing native plugins compatible for Editor in 0.40 ms, found 2 plugins.
Preloading 0 native plugins for Editor in 0.00 ms.
Unloading 1589 Unused Serialized files (Serialized files now loaded: 0)
System memory in use before: 193.0 MB.
System memory in use after: 193.1 MB.

Unloading 14 unused Assets to reduce memory usage. Loaded Objects now: 2130.
Total: 1.651167 ms (FindLiveObjects: 0.130708 ms CreateObjectMapping: 0.032750 ms MarkObjects: 1.383167 ms  DeleteObjects: 0.103709 ms)

AssetImportParameters requested are different than current active one (requested -> active):
  custom:video-decoder-ogg-theora: a1e56fd34408186e4bbccfd4996cb3dc -> 
  custom:container-muxer-webm: aa71ff27fc2769a1b78a27578f13a17b -> 
  custom:container-demuxer-webm: 4f35f7cbe854078d1ac9338744f61a02 -> 
  custom:container-demuxer-ogg: 62fdf1f143b41e24485cea50d1cbac27 -> 
  custom:video-encoder-webm-vp8: eb34c28f22e8b96e1ab97ce403110664 -> 
  custom:framework-osx-AVFoundation: e770b220cccbd017edd2c1fefb359320 -> 
  custom:video-decoder-webm-vp8: 9c59270c3fd7afecdb556c50c9e8de78 -> 
  custom:audio-decoder-ogg-vorbis: bf7c407c2cedff20999df2af8eb42d56 -> 
  custom:audio-encoder-webm-vorbis: bf7c407c2cedff20999df2af8eb42d56 -> 
========================================================================
Received Prepare
Registering precompiled user dll's ...
Registered in 0.003108 seconds.
Begin MonoManager ReloadAssembly
Native extension for OSXStandalone target not found
Refreshing native plugins compatible for Editor in 0.38 ms, found 2 plugins.
Preloading 0 native plugins for Editor in 0.00 ms.
Mono: successfully reloaded assembly
- Completed reload, in  2.590 seconds
Domain Reload Profiling:
	ReloadAssembly (2591ms)
		BeginReloadAssembly (380ms)
			ExecutionOrderSort (0ms)
			DisableScriptedObjects (66ms)
			BackupInstance (0ms)
			ReleaseScriptingObjects (0ms)
			CreateAndSetChildDomain (160ms)
		EndReloadAssembly (2115ms)
			LoadAssemblies (218ms)
			RebuildTransferFunctionScriptingTraits (0ms)
			SetupTypeCache (333ms)
			ReleaseScriptCaches (1ms)
			RebuildScriptCaches (57ms)
			SetupLoadedEditorAssemblies (1265ms)
				LogAssemblyErrors (0ms)
				InitializePlatformSupportModulesInManaged (15ms)
				SetLoadedEditorAssemblies (1ms)
				RefreshPlugins (0ms)
				BeforeProcessingInitializeOnLoad (173ms)
				ProcessInitializeOnLoadAttributes (1048ms)
				ProcessInitializeOnLoadMethodAttributes (27ms)
				AfterProcessingInitializeOnLoad (1ms)
				EditorAssembliesLoaded (0ms)
			ExecutionOrderSort2 (0ms)
			AwakeInstancesAfterBackupRestoration (34ms)
Platform modules already initialized, skipping
Refreshing native plugins compatible for Editor in 0.38 ms, found 2 plugins.
Preloading 0 native plugins for Editor in 0.00 ms.
Unloading 1589 Unused Serialized files (Serialized files now loaded: 0)
System memory in use before: 193.6 MB.
System memory in use after: 193.7 MB.

Unloading 14 unused Assets to reduce memory usage. Loaded Objects now: 2133.
Total: 1.601000 ms (FindLiveObjects: 0.122500 ms CreateObjectMapping: 0.031500 ms MarkObjects: 1.350708 ms  DeleteObjects: 0.095541 ms)

AssetImportParameters requested are different than current active one (requested -> active):
  custom:video-decoder-ogg-theora: a1e56fd34408186e4bbccfd4996cb3dc -> 
  custom:container-muxer-webm: aa71ff27fc2769a1b78a27578f13a17b -> 
  custom:container-demuxer-webm: 4f35f7cbe854078d1ac9338744f61a02 -> 
  custom:container-demuxer-ogg: 62fdf1f143b41e24485cea50d1cbac27 -> 
  custom:video-encoder-webm-vp8: eb34c28f22e8b96e1ab97ce403110664 -> 
  custom:framework-osx-AVFoundation: e770b220cccbd017edd2c1fefb359320 -> 
  custom:video-decoder-webm-vp8: 9c59270c3fd7afecdb556c50c9e8de78 -> 
  custom:audio-decoder-ogg-vorbis: bf7c407c2cedff20999df2af8eb42d56 -> 
  custom:audio-encoder-webm-vorbis: bf7c407c2cedff20999df2af8eb42d56 -> 
========================================================================
Received Import Request.
  Time since last request: 1718.807311 seconds.
  path: Assets/L13/RPGPP_LT/Scene/Post-process Volume Profile.asset
  artifactKey: Guid(2f4a9de55bb5b481eb5ae9f939d0e4ec) Importer(815301076,1909f56bfc062723c751e8b465ee728b)
Start importing Assets/L13/RPGPP_LT/Scene/Post-process Volume Profile.asset using Guid(2f4a9de55bb5b481eb5ae9f939d0e4ec) Importer(815301076,1909f56bfc062723c751e8b465ee728b)  -> (artifact id: 'f0e27c2e69c1b2b5874558e4e3e8f899') in 0.065215 seconds 
  Import took 0.077011 seconds .

========================================================================
Received Prepare
Registering precompiled user dll's ...
Registered in 0.005261 seconds.
Begin MonoManager ReloadAssembly
Native extension for OSXStandalone target not found
Refreshing native plugins compatible for Editor in 0.39 ms, found 2 plugins.
Preloading 0 native plugins for Editor in 0.00 ms.
Mono: successfully reloaded assembly
- Completed reload, in  2.511 seconds
Domain Reload Profiling:
	ReloadAssembly (2513ms)
		BeginReloadAssembly (277ms)
			ExecutionOrderSort (0ms)
			DisableScriptedObjects (40ms)
			BackupInstance (0ms)
			ReleaseScriptingObjects (0ms)
			CreateAndSetChildDomain (106ms)
		EndReloadAssembly (2145ms)
			LoadAssemblies (203ms)
			RebuildTransferFunctionScriptingTraits (0ms)
			SetupTypeCache (315ms)
			ReleaseScriptCaches (1ms)
			RebuildScriptCaches (57ms)
			SetupLoadedEditorAssemblies (1296ms)
				LogAssemblyErrors (0ms)
				InitializePlatformSupportModulesInManaged (15ms)
				SetLoadedEditorAssemblies (1ms)
				RefreshPlugins (0ms)
				BeforeProcessingInitializeOnLoad (174ms)
				ProcessInitializeOnLoadAttributes (1077ms)
				ProcessInitializeOnLoadMethodAttributes (27ms)
				AfterProcessingInitializeOnLoad (1ms)
				EditorAssembliesLoaded (0ms)
			ExecutionOrderSort2 (0ms)
			AwakeInstancesAfterBackupRestoration (35ms)
Platform modules already initialized, skipping
Refreshing native plugins compatible for Editor in 0.39 ms, found 2 plugins.
Preloading 0 native plugins for Editor in 0.00 ms.
Unloading 1589 Unused Serialized files (Serialized files now loaded: 0)
System memory in use before: 194.3 MB.
System memory in use after: 194.4 MB.

Unloading 14 unused Assets to reduce memory usage. Loaded Objects now: 2135.
Total: 1.703792 ms (FindLiveObjects: 0.169500 ms CreateObjectMapping: 0.032875 ms MarkObjects: 1.390833 ms  DeleteObjects: 0.109542 ms)

AssetImportParameters requested are different than current active one (requested -> active):
  custom:video-decoder-ogg-theora: a1e56fd34408186e4bbccfd4996cb3dc -> 
  custom:container-muxer-webm: aa71ff27fc2769a1b78a27578f13a17b -> 
  custom:container-demuxer-webm: 4f35f7cbe854078d1ac9338744f61a02 -> 
  custom:container-demuxer-ogg: 62fdf1f143b41e24485cea50d1cbac27 -> 
  custom:video-encoder-webm-vp8: eb34c28f22e8b96e1ab97ce403110664 -> 
  custom:framework-osx-AVFoundation: e770b220cccbd017edd2c1fefb359320 -> 
  custom:video-decoder-webm-vp8: 9c59270c3fd7afecdb556c50c9e8de78 -> 
  custom:audio-decoder-ogg-vorbis: bf7c407c2cedff20999df2af8eb42d56 -> 
  custom:audio-encoder-webm-vorbis: bf7c407c2cedff20999df2af8eb42d56 -> 
========================================================================
Received Import Request.
  Time since last request: 370.017428 seconds.
  path: Assets/L13/RPGPP_LT/Scene/rpgpp_lt_scene_1.0_Profiles/Post-process Volume Profile.asset
  artifactKey: Guid(db62f5c2ad81141d29208c4e07311456) Importer(815301076,1909f56bfc062723c751e8b465ee728b)
Start importing Assets/L13/RPGPP_LT/Scene/rpgpp_lt_scene_1.0_Profiles/Post-process Volume Profile.asset using Guid(db62f5c2ad81141d29208c4e07311456) Importer(815301076,1909f56bfc062723c751e8b465ee728b)  -> (artifact id: '87f91703f84a797a9123b48195c2f9cd') in 0.045662 seconds 
  Import took 0.057050 seconds .

========================================================================
Received Import Request.
  Time since last request: 7.089126 seconds.
  path: Assets/L13/RPGPP_LT/Scene/rpgpp_lt_scene_1.0_Profiles/Post-process Volume Profile.asset
  artifactKey: Guid(db62f5c2ad81141d29208c4e07311456) Importer(815301076,1909f56bfc062723c751e8b465ee728b)
Start importing Assets/L13/RPGPP_LT/Scene/rpgpp_lt_scene_1.0_Profiles/Post-process Volume Profile.asset using Guid(db62f5c2ad81141d29208c4e07311456) Importer(815301076,1909f56bfc062723c751e8b465ee728b)  -> (artifact id: 'f74db95dcaaf2e5f1c10c230c3ae40dd') in 0.028105 seconds 
  Import took 0.031423 seconds .

========================================================================
Received Prepare
Registering precompiled user dll's ...
Registered in 0.013878 seconds.
Begin MonoManager ReloadAssembly
Native extension for OSXStandalone target not found
Refreshing native plugins compatible for Editor in 0.38 ms, found 2 plugins.
Preloading 0 native plugins for Editor in 0.00 ms.
Mono: successfully reloaded assembly
- Completed reload, in  2.473 seconds
Domain Reload Profiling:
	ReloadAssembly (2474ms)
		BeginReloadAssembly (234ms)
			ExecutionOrderSort (0ms)
			DisableScriptedObjects (39ms)
			BackupInstance (0ms)
			ReleaseScriptingObjects (0ms)
			CreateAndSetChildDomain (89ms)
		EndReloadAssembly (2149ms)
			LoadAssemblies (187ms)
			RebuildTransferFunctionScriptingTraits (0ms)
			SetupTypeCache (374ms)
			ReleaseScriptCaches (1ms)
			RebuildScriptCaches (56ms)
			SetupLoadedEditorAssemblies (1265ms)
				LogAssemblyErrors (0ms)
				InitializePlatformSupportModulesInManaged (15ms)
				SetLoadedEditorAssemblies (1ms)
				RefreshPlugins (0ms)
				BeforeProcessingInitializeOnLoad (198ms)
				ProcessInitializeOnLoadAttributes (1023ms)
				ProcessInitializeOnLoadMethodAttributes (27ms)
				AfterProcessingInitializeOnLoad (1ms)
				EditorAssembliesLoaded (0ms)
			ExecutionOrderSort2 (0ms)
			AwakeInstancesAfterBackupRestoration (36ms)
Platform modules already initialized, skipping
Refreshing native plugins compatible for Editor in 0.38 ms, found 2 plugins.
Preloading 0 native plugins for Editor in 0.00 ms.
Unloading 1589 Unused Serialized files (Serialized files now loaded: 0)
System memory in use before: 194.8 MB.
System memory in use after: 194.9 MB.

Unloading 14 unused Assets to reduce memory usage. Loaded Objects now: 2137.
Total: 1.555125 ms (FindLiveObjects: 0.124458 ms CreateObjectMapping: 0.045708 ms MarkObjects: 1.291958 ms  DeleteObjects: 0.092292 ms)

AssetImportParameters requested are different than current active one (requested -> active):
  custom:video-decoder-ogg-theora: a1e56fd34408186e4bbccfd4996cb3dc -> 
  custom:container-muxer-webm: aa71ff27fc2769a1b78a27578f13a17b -> 
  custom:container-demuxer-webm: 4f35f7cbe854078d1ac9338744f61a02 -> 
  custom:container-demuxer-ogg: 62fdf1f143b41e24485cea50d1cbac27 -> 
  custom:video-encoder-webm-vp8: eb34c28f22e8b96e1ab97ce403110664 -> 
  custom:framework-osx-AVFoundation: e770b220cccbd017edd2c1fefb359320 -> 
  custom:video-decoder-webm-vp8: 9c59270c3fd7afecdb556c50c9e8de78 -> 
  custom:audio-decoder-ogg-vorbis: bf7c407c2cedff20999df2af8eb42d56 -> 
  custom:audio-encoder-webm-vorbis: bf7c407c2cedff20999df2af8eb42d56 -> 
========================================================================
Received Import Request.
  Time since last request: 260.634088 seconds.
  path: ProjectSettings/TagManager.asset
  artifactKey: Guid(00000000000000003000000000000000) Importer(815301076,1909f56bfc062723c751e8b465ee728b)
Start importing ProjectSettings/TagManager.asset using Guid(00000000000000003000000000000000) Importer(815301076,1909f56bfc062723c751e8b465ee728b)  -> (artifact id: 'ca8aae86a74123c49b33487ebd25b1ce') in 0.066976 seconds 
  Import took 0.076965 seconds .

========================================================================
Received Prepare
Registering precompiled user dll's ...
Registered in 0.003467 seconds.
Begin MonoManager ReloadAssembly
Native extension for OSXStandalone target not found
Refreshing native plugins compatible for Editor in 0.42 ms, found 2 plugins.
Preloading 0 native plugins for Editor in 0.00 ms.
Mono: successfully reloaded assembly
- Completed reload, in  2.436 seconds
Domain Reload Profiling:
	ReloadAssembly (2438ms)
		BeginReloadAssembly (239ms)
			ExecutionOrderSort (0ms)
			DisableScriptedObjects (39ms)
			BackupInstance (0ms)
			ReleaseScriptingObjects (0ms)
			CreateAndSetChildDomain (91ms)
		EndReloadAssembly (2102ms)
			LoadAssemblies (193ms)
			RebuildTransferFunctionScriptingTraits (0ms)
			SetupTypeCache (321ms)
			ReleaseScriptCaches (1ms)
			RebuildScriptCaches (60ms)
			SetupLoadedEditorAssemblies (1246ms)
				LogAssemblyErrors (0ms)
				InitializePlatformSupportModulesInManaged (18ms)
				SetLoadedEditorAssemblies (1ms)
				RefreshPlugins (0ms)
				BeforeProcessingInitializeOnLoad (185ms)
				ProcessInitializeOnLoadAttributes (1013ms)
				ProcessInitializeOnLoadMethodAttributes (27ms)
				AfterProcessingInitializeOnLoad (1ms)
				EditorAssembliesLoaded (0ms)
			ExecutionOrderSort2 (0ms)
			AwakeInstancesAfterBackupRestoration (34ms)
Platform modules already initialized, skipping
Refreshing native plugins compatible for Editor in 0.41 ms, found 2 plugins.
Preloading 0 native plugins for Editor in 0.00 ms.
Unloading 1589 Unused Serialized files (Serialized files now loaded: 0)
System memory in use before: 195.3 MB.
System memory in use after: 195.4 MB.

Unloading 15 unused Assets to reduce memory usage. Loaded Objects now: 2139.
Total: 1.641208 ms (FindLiveObjects: 0.121333 ms CreateObjectMapping: 0.031792 ms MarkObjects: 1.369458 ms  DeleteObjects: 0.117625 ms)

AssetImportParameters requested are different than current active one (requested -> active):
  custom:video-decoder-ogg-theora: a1e56fd34408186e4bbccfd4996cb3dc -> 
  custom:container-muxer-webm: aa71ff27fc2769a1b78a27578f13a17b -> 
  custom:container-demuxer-webm: 4f35f7cbe854078d1ac9338744f61a02 -> 
  custom:container-demuxer-ogg: 62fdf1f143b41e24485cea50d1cbac27 -> 
  custom:video-encoder-webm-vp8: eb34c28f22e8b96e1ab97ce403110664 -> 
  custom:framework-osx-AVFoundation: e770b220cccbd017edd2c1fefb359320 -> 
  custom:video-decoder-webm-vp8: 9c59270c3fd7afecdb556c50c9e8de78 -> 
  custom:audio-decoder-ogg-vorbis: bf7c407c2cedff20999df2af8eb42d56 -> 
  custom:audio-encoder-webm-vorbis: bf7c407c2cedff20999df2af8eb42d56 -> 
========================================================================
Received Import Request.
  Time since last request: 132.840204 seconds.
  path: Assets/L13/RPGPP_LT/Scene/rpgpp_lt_scene_1.0_Profiles/Post-process Volume Profile.asset
  artifactKey: Guid(db62f5c2ad81141d29208c4e07311456) Importer(815301076,1909f56bfc062723c751e8b465ee728b)
Start importing Assets/L13/RPGPP_LT/Scene/rpgpp_lt_scene_1.0_Profiles/Post-process Volume Profile.asset using Guid(db62f5c2ad81141d29208c4e07311456) Importer(815301076,1909f56bfc062723c751e8b465ee728b)  -> (artifact id: 'c24fb4709697e659fd715d11cc89c30f') in 0.036264 seconds 
  Import took 0.038900 seconds .

========================================================================
Received Prepare
Registering precompiled user dll's ...
Registered in 0.003831 seconds.
Begin MonoManager ReloadAssembly
Native extension for OSXStandalone target not found
Refreshing native plugins compatible for Editor in 0.39 ms, found 2 plugins.
Preloading 0 native plugins for Editor in 0.00 ms.
Mono: successfully reloaded assembly
- Completed reload, in  2.663 seconds
Domain Reload Profiling:
	ReloadAssembly (2665ms)
		BeginReloadAssembly (283ms)
			ExecutionOrderSort (0ms)
			DisableScriptedObjects (43ms)
			BackupInstance (0ms)
			ReleaseScriptingObjects (0ms)
			CreateAndSetChildDomain (112ms)
		EndReloadAssembly (2281ms)
			LoadAssemblies (219ms)
			RebuildTransferFunctionScriptingTraits (0ms)
			SetupTypeCache (322ms)
			ReleaseScriptCaches (1ms)
			RebuildScriptCaches (59ms)
			SetupLoadedEditorAssemblies (1418ms)
				LogAssemblyErrors (0ms)
				InitializePlatformSupportModulesInManaged (16ms)
				SetLoadedEditorAssemblies (1ms)
				RefreshPlugins (0ms)
				BeforeProcessingInitializeOnLoad (214ms)
				ProcessInitializeOnLoadAttributes (1158ms)
				ProcessInitializeOnLoadMethodAttributes (27ms)
				AfterProcessingInitializeOnLoad (1ms)
				EditorAssembliesLoaded (0ms)
			ExecutionOrderSort2 (0ms)
			AwakeInstancesAfterBackupRestoration (38ms)
Platform modules already initialized, skipping
Refreshing native plugins compatible for Editor in 0.38 ms, found 2 plugins.
Preloading 0 native plugins for Editor in 0.00 ms.
Unloading 1589 Unused Serialized files (Serialized files now loaded: 0)
System memory in use before: 195.8 MB.
System memory in use after: 195.9 MB.

Unloading 14 unused Assets to reduce memory usage. Loaded Objects now: 2141.
Total: 1.912250 ms (FindLiveObjects: 0.161334 ms CreateObjectMapping: 0.032625 ms MarkObjects: 1.599000 ms  DeleteObjects: 0.118416 ms)

AssetImportParameters requested are different than current active one (requested -> active):
  custom:video-decoder-ogg-theora: a1e56fd34408186e4bbccfd4996cb3dc -> 
  custom:container-muxer-webm: aa71ff27fc2769a1b78a27578f13a17b -> 
  custom:container-demuxer-webm: 4f35f7cbe854078d1ac9338744f61a02 -> 
  custom:container-demuxer-ogg: 62fdf1f143b41e24485cea50d1cbac27 -> 
  custom:video-encoder-webm-vp8: eb34c28f22e8b96e1ab97ce403110664 -> 
  custom:framework-osx-AVFoundation: e770b220cccbd017edd2c1fefb359320 -> 
  custom:video-decoder-webm-vp8: 9c59270c3fd7afecdb556c50c9e8de78 -> 
  custom:audio-decoder-ogg-vorbis: bf7c407c2cedff20999df2af8eb42d56 -> 
  custom:audio-encoder-webm-vorbis: bf7c407c2cedff20999df2af8eb42d56 -> 
========================================================================
Received Import Request.
  Time since last request: 197.524509 seconds.
  path: Assets/L13/RPGPP_LT/Scene/rpgpp_lt_scene_1.0_Profiles/Post-process Volume Profile.asset
  artifactKey: Guid(db62f5c2ad81141d29208c4e07311456) Importer(815301076,1909f56bfc062723c751e8b465ee728b)
Start importing Assets/L13/RPGPP_LT/Scene/rpgpp_lt_scene_1.0_Profiles/Post-process Volume Profile.asset using Guid(db62f5c2ad81141d29208c4e07311456) Importer(815301076,1909f56bfc062723c751e8b465ee728b)  -> (artifact id: '6361d26096be149b844eb2f0af88d5da') in 0.039877 seconds 
  Import took 0.043599 seconds .

========================================================================
Received Prepare
Registering precompiled user dll's ...
Registered in 0.005099 seconds.
Begin MonoManager ReloadAssembly
Native extension for OSXStandalone target not found
Refreshing native plugins compatible for Editor in 0.42 ms, found 2 plugins.
Preloading 0 native plugins for Editor in 0.00 ms.
Mono: successfully reloaded assembly
- Completed reload, in  2.458 seconds
Domain Reload Profiling:
	ReloadAssembly (2459ms)
		BeginReloadAssembly (213ms)
			ExecutionOrderSort (0ms)
			DisableScriptedObjects (36ms)
			BackupInstance (0ms)
			ReleaseScriptingObjects (0ms)
			CreateAndSetChildDomain (75ms)
		EndReloadAssembly (2155ms)
			LoadAssemblies (226ms)
			RebuildTransferFunctionScriptingTraits (0ms)
			SetupTypeCache (325ms)
			ReleaseScriptCaches (1ms)
			RebuildScriptCaches (58ms)
			SetupLoadedEditorAssemblies (1270ms)
				LogAssemblyErrors (0ms)
				InitializePlatformSupportModulesInManaged (17ms)
				SetLoadedEditorAssemblies (2ms)
				RefreshPlugins (0ms)
				BeforeProcessingInitializeOnLoad (184ms)
				ProcessInitializeOnLoadAttributes (1040ms)
				ProcessInitializeOnLoadMethodAttributes (26ms)
				AfterProcessingInitializeOnLoad (1ms)
				EditorAssembliesLoaded (0ms)
			ExecutionOrderSort2 (0ms)
			AwakeInstancesAfterBackupRestoration (35ms)
Platform modules already initialized, skipping
Refreshing native plugins compatible for Editor in 0.40 ms, found 2 plugins.
Preloading 0 native plugins for Editor in 0.00 ms.
Unloading 1589 Unused Serialized files (Serialized files now loaded: 0)
System memory in use before: 196.3 MB.
System memory in use after: 196.4 MB.

Unloading 14 unused Assets to reduce memory usage. Loaded Objects now: 2143.
Total: 1.609541 ms (FindLiveObjects: 0.125917 ms CreateObjectMapping: 0.033583 ms MarkObjects: 1.358667 ms  DeleteObjects: 0.090625 ms)

AssetImportParameters requested are different than current active one (requested -> active):
  custom:video-decoder-ogg-theora: a1e56fd34408186e4bbccfd4996cb3dc -> 
  custom:container-muxer-webm: aa71ff27fc2769a1b78a27578f13a17b -> 
  custom:container-demuxer-webm: 4f35f7cbe854078d1ac9338744f61a02 -> 
  custom:container-demuxer-ogg: 62fdf1f143b41e24485cea50d1cbac27 -> 
  custom:video-encoder-webm-vp8: eb34c28f22e8b96e1ab97ce403110664 -> 
  custom:framework-osx-AVFoundation: e770b220cccbd017edd2c1fefb359320 -> 
  custom:video-decoder-webm-vp8: 9c59270c3fd7afecdb556c50c9e8de78 -> 
  custom:audio-decoder-ogg-vorbis: bf7c407c2cedff20999df2af8eb42d56 -> 
  custom:audio-encoder-webm-vorbis: bf7c407c2cedff20999df2af8eb42d56 -> 
========================================================================
Received Prepare
Registering precompiled user dll's ...
Registered in 0.003945 seconds.
Begin MonoManager ReloadAssembly
Native extension for OSXStandalone target not found
Refreshing native plugins compatible for Editor in 0.39 ms, found 2 plugins.
Preloading 0 native plugins for Editor in 0.00 ms.
Mono: successfully reloaded assembly
- Completed reload, in  2.553 seconds
Domain Reload Profiling:
	ReloadAssembly (2554ms)
		BeginReloadAssembly (237ms)
			ExecutionOrderSort (0ms)
			DisableScriptedObjects (39ms)
			BackupInstance (0ms)
			ReleaseScriptingObjects (0ms)
			CreateAndSetChildDomain (86ms)
		EndReloadAssembly (2216ms)
			LoadAssemblies (225ms)
			RebuildTransferFunctionScriptingTraits (0ms)
			SetupTypeCache (357ms)
			ReleaseScriptCaches (1ms)
			RebuildScriptCaches (60ms)
			SetupLoadedEditorAssemblies (1291ms)
				LogAssemblyErrors (0ms)
				InitializePlatformSupportModulesInManaged (16ms)
				SetLoadedEditorAssemblies (1ms)
				RefreshPlugins (0ms)
				BeforeProcessingInitializeOnLoad (190ms)
				ProcessInitializeOnLoadAttributes (1053ms)
				ProcessInitializeOnLoadMethodAttributes (29ms)
				AfterProcessingInitializeOnLoad (1ms)
				EditorAssembliesLoaded (0ms)
			ExecutionOrderSort2 (0ms)
			AwakeInstancesAfterBackupRestoration (37ms)
Platform modules already initialized, skipping
Refreshing native plugins compatible for Editor in 0.41 ms, found 2 plugins.
Preloading 0 native plugins for Editor in 0.00 ms.
Unloading 1589 Unused Serialized files (Serialized files now loaded: 0)
System memory in use before: 196.8 MB.
System memory in use after: 196.9 MB.

Unloading 14 unused Assets to reduce memory usage. Loaded Objects now: 2145.
Total: 1.603875 ms (FindLiveObjects: 0.144417 ms CreateObjectMapping: 0.032416 ms MarkObjects: 1.333542 ms  DeleteObjects: 0.092625 ms)

AssetImportParameters requested are different than current active one (requested -> active):
  custom:video-decoder-ogg-theora: a1e56fd34408186e4bbccfd4996cb3dc -> 
  custom:container-muxer-webm: aa71ff27fc2769a1b78a27578f13a17b -> 
  custom:container-demuxer-webm: 4f35f7cbe854078d1ac9338744f61a02 -> 
  custom:container-demuxer-ogg: 62fdf1f143b41e24485cea50d1cbac27 -> 
  custom:video-encoder-webm-vp8: eb34c28f22e8b96e1ab97ce403110664 -> 
  custom:framework-osx-AVFoundation: e770b220cccbd017edd2c1fefb359320 -> 
  custom:video-decoder-webm-vp8: 9c59270c3fd7afecdb556c50c9e8de78 -> 
  custom:audio-decoder-ogg-vorbis: bf7c407c2cedff20999df2af8eb42d56 -> 
  custom:audio-encoder-webm-vorbis: bf7c407c2cedff20999df2af8eb42d56 -> 
