Using pre-set license

 COMMAND LINE ARGUMENTS:
/Users/benjiaminsong/Unity/2020.3.15f2/Unity.app/Contents/MacOS/Unity
-adb2
-batchMode
-noUpm
-name
AssetImportWorker0
-projectPath
/Users/benjiaminsong/GitHub/Unity/Unity-Shader/My project
-logFile
Logs/AssetImportWorker0.log
-srvPort
49534
Successfully changed project path to: /Users/benjiaminsong/GitHub/Unity/Unity-Shader/My project
/Users/benjiaminsong/GitHub/Unity/Unity-Shader/My project
Using Asset Import Pipeline V2.
Refreshing native plugins compatible for Editor in 36.44 ms, found 2 plugins.
Preloading 0 native plugins for Editor in 0.00 ms.
Initialize engine version: 2020.3.15f2 (6cf78cb77498)
[Subsystems] Discovering subsystems at path /Users/benjiaminsong/Unity/2020.3.15f2/Unity.app/Contents/Resources/UnitySubsystems
[Subsystems] Discovering subsystems at path /Users/benjiaminsong/GitHub/Unity/Unity-Shader/My project/Assets
GfxDevice: creating device client; threaded=0
2021-08-03 07:18:51.069 Unity[4455:38839] (null) preferred device: Apple M1 (high power)
2021-08-03 07:18:51.069 Unity[4455:38839] Metal devices available: 1
2021-08-03 07:18:51.069 Unity[4455:38839] 0: Apple M1 (high power)
2021-08-03 07:18:51.070 Unity[4455:38839] Using device Apple M1 (high power)
Initializing Metal device caps: Apple M1
Initialize mono
Mono path[0] = '/Users/benjiaminsong/Unity/2020.3.15f2/Unity.app/Contents/Managed'
Mono path[1] = '/Users/benjiaminsong/Unity/2020.3.15f2/Unity.app/Contents/MonoBleedingEdge/lib/mono/unityjit'
Mono config path = '/Users/benjiaminsong/Unity/2020.3.15f2/Unity.app/Contents/MonoBleedingEdge/etc'
Using monoOptions --debugger-agent=transport=dt_socket,embedding=1,server=y,suspend=n,address=127.0.0.1:56455
Begin MonoManager ReloadAssembly
Registering precompiled unity dll's ...
Register platform support module: /Users/benjiaminsong/Unity/2020.3.15f2/Unity.app/Contents/PlaybackEngines/MacStandaloneSupport/UnityEditor.OSXStandalone.Extensions.dll
Registered in 0.002015 seconds.
Native extension for OSXStandalone target not found
Refreshing native plugins compatible for Editor in 38.12 ms, found 2 plugins.
Preloading 0 native plugins for Editor in 0.00 ms.
Mono: successfully reloaded assembly
- Completed reload, in  2.218 seconds
Domain Reload Profiling:
	ReloadAssembly (2218ms)
		BeginReloadAssembly (86ms)
			ExecutionOrderSort (0ms)
			DisableScriptedObjects (0ms)
			BackupInstance (0ms)
			ReleaseScriptingObjects (0ms)
			CreateAndSetChildDomain (3ms)
		EndReloadAssembly (876ms)
			LoadAssemblies (84ms)
			RebuildTransferFunctionScriptingTraits (0ms)
			SetupTypeCache (179ms)
			ReleaseScriptCaches (0ms)
			RebuildScriptCaches (43ms)
			SetupLoadedEditorAssemblies (503ms)
				LogAssemblyErrors (0ms)
				InitializePlatformSupportModulesInManaged (10ms)
				SetLoadedEditorAssemblies (0ms)
				RefreshPlugins (38ms)
				BeforeProcessingInitializeOnLoad (20ms)
				ProcessInitializeOnLoadAttributes (314ms)
				ProcessInitializeOnLoadMethodAttributes (120ms)
				AfterProcessingInitializeOnLoad (0ms)
				EditorAssembliesLoaded (1ms)
			ExecutionOrderSort2 (0ms)
			AwakeInstancesAfterBackupRestoration (0ms)
Platform modules already initialized, skipping
Registering precompiled user dll's ...
Registered in 0.004323 seconds.
Begin MonoManager ReloadAssembly
Native extension for OSXStandalone target not found
Refreshing native plugins compatible for Editor in 0.43 ms, found 2 plugins.
Preloading 0 native plugins for Editor in 0.00 ms.
Mono: successfully reloaded assembly
- Completed reload, in  3.956 seconds
Domain Reload Profiling:
	ReloadAssembly (3958ms)
		BeginReloadAssembly (271ms)
			ExecutionOrderSort (0ms)
			DisableScriptedObjects (32ms)
			BackupInstance (0ms)
			ReleaseScriptingObjects (0ms)
			CreateAndSetChildDomain (41ms)
		EndReloadAssembly (3592ms)
			LoadAssemblies (194ms)
			RebuildTransferFunctionScriptingTraits (0ms)
			SetupTypeCache (355ms)
			ReleaseScriptCaches (0ms)
			RebuildScriptCaches (57ms)
			SetupLoadedEditorAssemblies (2725ms)
				LogAssemblyErrors (0ms)
				InitializePlatformSupportModulesInManaged (16ms)
				SetLoadedEditorAssemblies (1ms)
				RefreshPlugins (0ms)
				BeforeProcessingInitializeOnLoad (118ms)
				ProcessInitializeOnLoadAttributes (2570ms)
				ProcessInitializeOnLoadMethodAttributes (18ms)
				AfterProcessingInitializeOnLoad (1ms)
				EditorAssembliesLoaded (1ms)
			ExecutionOrderSort2 (0ms)
			AwakeInstancesAfterBackupRestoration (36ms)
Platform modules already initialized, skipping
========================================================================
Worker process is ready to serve import requests
Launching external process: /Users/benjiaminsong/Unity/2020.3.15f2/Unity.app/Contents/Tools/UnityShaderCompiler
Launched and connected shader compiler UnityShaderCompiler after 0.03 seconds
Refreshing native plugins compatible for Editor in 0.39 ms, found 2 plugins.
Preloading 0 native plugins for Editor in 0.00 ms.
Unloading 2372 Unused Serialized files (Serialized files now loaded: 0)
System memory in use before: 211.0 MB.
System memory in use after: 211.2 MB.

Unloading 24 unused Assets to reduce memory usage. Loaded Objects now: 2812.
Total: 11.546792 ms (FindLiveObjects: 0.244750 ms CreateObjectMapping: 0.055458 ms MarkObjects: 10.511708 ms  DeleteObjects: 0.732583 ms)

AssetImportParameters requested are different than current active one (requested -> active):
  custom:video-decoder-ogg-theora: a1e56fd34408186e4bbccfd4996cb3dc -> 
  custom:container-muxer-webm: aa71ff27fc2769a1b78a27578f13a17b -> 
  custom:container-demuxer-webm: 4f35f7cbe854078d1ac9338744f61a02 -> 
  custom:container-demuxer-ogg: 62fdf1f143b41e24485cea50d1cbac27 -> 
  custom:video-encoder-webm-vp8: eb34c28f22e8b96e1ab97ce403110664 -> 
  custom:framework-osx-AVFoundation: e770b220cccbd017edd2c1fefb359320 -> 
  custom:video-decoder-webm-vp8: 9c59270c3fd7afecdb556c50c9e8de78 -> 
  custom:audio-decoder-ogg-vorbis: bf7c407c2cedff20999df2af8eb42d56 -> 
  custom:audio-encoder-webm-vorbis: bf7c407c2cedff20999df2af8eb42d56 -> 
========================================================================
Received Import Request.
  path: Assets/L5/L5_2.mat
  artifactKey: Guid(2db9c0096519cf2439ac87eed4335a22) Importer(815301076,1909f56bfc062723c751e8b465ee728b)
Start importing Assets/L5/L5_2.mat using Guid(2db9c0096519cf2439ac87eed4335a22) Importer(815301076,1909f56bfc062723c751e8b465ee728b)  -> (artifact id: '77ed92bc0bc3de990652b3fe69c12154') in 0.705311 seconds 
  Import took 0.708928 seconds .

========================================================================
Received Import Request.
  Time since last request: 0.000291 seconds.
  path: Assets/L5/Materials/Example.mat
  artifactKey: Guid(b574ed3403dd8e94ead3834a0327d471) Importer(815301076,1909f56bfc062723c751e8b465ee728b)
Start importing Assets/L5/Materials/Example.mat using Guid(b574ed3403dd8e94ead3834a0327d471) Importer(815301076,1909f56bfc062723c751e8b465ee728b)  -> (artifact id: 'cddd23ce6379505611ed02cb3202537b') in 0.051535 seconds 
  Import took 0.054176 seconds .

========================================================================
Received Import Request.
  Time since last request: 0.871570 seconds.
  path: Assets/L5/L5_3.mat
  artifactKey: Guid(bc25acdb0ec181843a43d01ff6509e07) Importer(815301076,1909f56bfc062723c751e8b465ee728b)
Start importing Assets/L5/L5_3.mat using Guid(bc25acdb0ec181843a43d01ff6509e07) Importer(815301076,1909f56bfc062723c751e8b465ee728b)  -> (artifact id: '490695df71a67a92de0e066d299f1178') in 0.026813 seconds 
  Import took 0.038971 seconds .

========================================================================
Received Import Request.
  Time since last request: 7.103515 seconds.
  path: Assets/L5/Backgound Texture.mat
  artifactKey: Guid(075e1b990873ec840a1572ce05571226) Importer(815301076,1909f56bfc062723c751e8b465ee728b)
Start importing Assets/L5/Backgound Texture.mat using Guid(075e1b990873ec840a1572ce05571226) Importer(815301076,1909f56bfc062723c751e8b465ee728b)  -> (artifact id: '9620ac0ff522149ca7268107a6d2d7d5') in 0.009214 seconds 
  Import took 0.013132 seconds .

========================================================================
Received Import Request.
  Time since last request: 0.000236 seconds.
  path: Assets/L5/L5.mat
  artifactKey: Guid(f2d3a6ab7e678ae46a4f6e9603258509) Importer(815301076,1909f56bfc062723c751e8b465ee728b)
Start importing Assets/L5/L5.mat using Guid(f2d3a6ab7e678ae46a4f6e9603258509) Importer(815301076,1909f56bfc062723c751e8b465ee728b)  -> (artifact id: '29689934ae6c7cee78caf0c3e98dc77d') in 0.344563 seconds 
  Import took 0.347272 seconds .

========================================================================
Received Import Request.
  Time since last request: 0.000272 seconds.
  path: Assets/L5/L5_1.mat
  artifactKey: Guid(3ae783e8942958140a73acfdbadac162) Importer(815301076,1909f56bfc062723c751e8b465ee728b)
Start importing Assets/L5/L5_1.mat using Guid(3ae783e8942958140a73acfdbadac162) Importer(815301076,1909f56bfc062723c751e8b465ee728b)  -> (artifact id: 'e2c5f03dcd4a50f022494ce50931d7bb') in 0.010789 seconds 
  Import took 0.013488 seconds .

========================================================================
Received Import Request.
  Time since last request: 80.690800 seconds.
  path: Assets/L5/Materials/pexels-photo.mat
  artifactKey: Guid(ba4d1edbebee9514fa9fea031efbb1b5) Importer(815301076,1909f56bfc062723c751e8b465ee728b)
Start importing Assets/L5/Materials/pexels-photo.mat using Guid(ba4d1edbebee9514fa9fea031efbb1b5) Importer(815301076,1909f56bfc062723c751e8b465ee728b)  -> (artifact id: '7bf5320269ef6b4ff705e73d7aba0f48') in 0.010672 seconds 
  Import took 0.014234 seconds .

========================================================================
Received Import Request.
  Time since last request: 60.645229 seconds.
  path: Assets/L5/Materials
  artifactKey: Guid(7bc56d24f67efa04abd2b46093f175cc) Importer(815301076,1909f56bfc062723c751e8b465ee728b)
Start importing Assets/L5/Materials using Guid(7bc56d24f67efa04abd2b46093f175cc) Importer(815301076,1909f56bfc062723c751e8b465ee728b)  -> (artifact id: '93914bc5dc131a69c94a96067c3b7d25') in 0.001770 seconds 
  Import took 0.004344 seconds .

========================================================================
Received Import Request.
  Time since last request: 0.003217 seconds.
  path: Assets/L5/Materials
  artifactKey: Guid(7bc56d24f67efa04abd2b46093f175cc) Importer(815301076,1909f56bfc062723c751e8b465ee728b)
Start importing Assets/L5/Materials using Guid(7bc56d24f67efa04abd2b46093f175cc) Importer(815301076,1909f56bfc062723c751e8b465ee728b)  -> (artifact id: '93914bc5dc131a69c94a96067c3b7d25') in 0.000586 seconds 
  Import took 0.002815 seconds .

