Using pre-set license

 COMMAND LINE ARGUMENTS:
/Users/benjiaminsong/Unity/2020.3.15f2/Unity.app/Contents/MacOS/Unity
-adb2
-batchMode
-noUpm
-name
AssetImportWorker0
-projectPath
/Users/benjiaminsong/To Do/L15
-logFile
Logs/AssetImportWorker0.log
-srvPort
49320
Successfully changed project path to: /Users/benjiaminsong/To Do/L15
/Users/benjiaminsong/To Do/L15
Using Asset Import Pipeline V2.
Refreshing native plugins compatible for Editor in 55.96 ms, found 2 plugins.
Preloading 0 native plugins for Editor in 0.00 ms.
Initialize engine version: 2020.3.15f2 (6cf78cb77498)
[Subsystems] Discovering subsystems at path /Users/benjiaminsong/Unity/2020.3.15f2/Unity.app/Contents/Resources/UnitySubsystems
[Subsystems] Discovering subsystems at path /Users/benjiaminsong/To Do/L15/Assets
GfxDevice: creating device client; threaded=0
2021-09-09 16:57:26.755 Unity[1074:19570] (null) preferred device: Apple M1 (high power)
2021-09-09 16:57:26.755 Unity[1074:19570] Metal devices available: 1
2021-09-09 16:57:26.755 Unity[1074:19570] 0: Apple M1 (high power)
2021-09-09 16:57:26.755 Unity[1074:19570] Using device Apple M1 (high power)
Initializing Metal device caps: Apple M1
Initialize mono
Mono path[0] = '/Users/benjiaminsong/Unity/2020.3.15f2/Unity.app/Contents/Managed'
Mono path[1] = '/Users/benjiaminsong/Unity/2020.3.15f2/Unity.app/Contents/MonoBleedingEdge/lib/mono/unityjit'
Mono config path = '/Users/benjiaminsong/Unity/2020.3.15f2/Unity.app/Contents/MonoBleedingEdge/etc'
Using monoOptions --debugger-agent=transport=dt_socket,embedding=1,server=y,suspend=n,address=127.0.0.1:56074
Begin MonoManager ReloadAssembly
Registering precompiled unity dll's ...
Register platform support module: /Users/benjiaminsong/Unity/2020.3.15f2/Unity.app/Contents/PlaybackEngines/MacStandaloneSupport/UnityEditor.OSXStandalone.Extensions.dll
Registered in 0.002022 seconds.
Native extension for OSXStandalone target not found
Refreshing native plugins compatible for Editor in 45.65 ms, found 2 plugins.
Preloading 0 native plugins for Editor in 0.00 ms.
Mono: successfully reloaded assembly
- Completed reload, in  2.110 seconds
Domain Reload Profiling:
	ReloadAssembly (2110ms)
		BeginReloadAssembly (107ms)
			ExecutionOrderSort (0ms)
			DisableScriptedObjects (0ms)
			BackupInstance (0ms)
			ReleaseScriptingObjects (0ms)
			CreateAndSetChildDomain (3ms)
		EndReloadAssembly (928ms)
			LoadAssemblies (103ms)
			RebuildTransferFunctionScriptingTraits (1ms)
			SetupTypeCache (190ms)
			ReleaseScriptCaches (0ms)
			RebuildScriptCaches (44ms)
			SetupLoadedEditorAssemblies (541ms)
				LogAssemblyErrors (0ms)
				InitializePlatformSupportModulesInManaged (11ms)
				SetLoadedEditorAssemblies (0ms)
				RefreshPlugins (46ms)
				BeforeProcessingInitializeOnLoad (73ms)
				ProcessInitializeOnLoadAttributes (301ms)
				ProcessInitializeOnLoadMethodAttributes (108ms)
				AfterProcessingInitializeOnLoad (0ms)
				EditorAssembliesLoaded (1ms)
			ExecutionOrderSort2 (0ms)
			AwakeInstancesAfterBackupRestoration (0ms)
Platform modules already initialized, skipping
Registering precompiled user dll's ...
Registered in 0.003454 seconds.
Begin MonoManager ReloadAssembly
Native extension for OSXStandalone target not found
Refreshing native plugins compatible for Editor in 46.49 ms, found 2 plugins.
Preloading 0 native plugins for Editor in 0.00 ms.
Mono: successfully reloaded assembly
- Completed reload, in  2.654 seconds
Domain Reload Profiling:
	ReloadAssembly (2656ms)
		BeginReloadAssembly (269ms)
			ExecutionOrderSort (0ms)
			DisableScriptedObjects (29ms)
			BackupInstance (0ms)
			ReleaseScriptingObjects (0ms)
			CreateAndSetChildDomain (39ms)
		EndReloadAssembly (2292ms)
			LoadAssemblies (207ms)
			RebuildTransferFunctionScriptingTraits (0ms)
			SetupTypeCache (384ms)
			ReleaseScriptCaches (1ms)
			RebuildScriptCaches (62ms)
			SetupLoadedEditorAssemblies (1315ms)
				LogAssemblyErrors (0ms)
				InitializePlatformSupportModulesInManaged (11ms)
				SetLoadedEditorAssemblies (1ms)
				RefreshPlugins (47ms)
				BeforeProcessingInitializeOnLoad (224ms)
				ProcessInitializeOnLoadAttributes (1004ms)
				ProcessInitializeOnLoadMethodAttributes (29ms)
				AfterProcessingInitializeOnLoad (1ms)
				EditorAssembliesLoaded (0ms)
			ExecutionOrderSort2 (0ms)
			AwakeInstancesAfterBackupRestoration (36ms)
Platform modules already initialized, skipping
========================================================================
Worker process is ready to serve import requests
Shader 'Universal Render Pipeline/Particles/Lit': fallback shader 'Universal Render Pipeline/Particles/SimpleLit' not found
Shader 'Universal Render Pipeline/Particles/Lit': fallback shader 'Universal Render Pipeline/Particles/SimpleLit' not found
Launching external process: /Users/benjiaminsong/Unity/2020.3.15f2/Unity.app/Contents/Tools/UnityShaderCompiler
Launched and connected shader compiler UnityShaderCompiler after 0.03 seconds
Refreshing native plugins compatible for Editor in 0.42 ms, found 2 plugins.
Preloading 0 native plugins for Editor in 0.00 ms.
Unloading 2796 Unused Serialized files (Serialized files now loaded: 0)
System memory in use before: 214.7 MB.
System memory in use after: 212.0 MB.

Unloading 56 unused Assets to reduce memory usage. Loaded Objects now: 3206.
Total: 3.205000 ms (FindLiveObjects: 0.227208 ms CreateObjectMapping: 0.059417 ms MarkObjects: 1.566625 ms  DeleteObjects: 1.350958 ms)

AssetImportParameters requested are different than current active one (requested -> active):
  custom:video-decoder-ogg-theora: a1e56fd34408186e4bbccfd4996cb3dc -> 
  custom:container-muxer-webm: aa71ff27fc2769a1b78a27578f13a17b -> 
  custom:container-demuxer-webm: 4f35f7cbe854078d1ac9338744f61a02 -> 
  custom:container-demuxer-ogg: 62fdf1f143b41e24485cea50d1cbac27 -> 
  custom:video-encoder-webm-vp8: eb34c28f22e8b96e1ab97ce403110664 -> 
  custom:framework-osx-AVFoundation: e770b220cccbd017edd2c1fefb359320 -> 
  custom:video-decoder-webm-vp8: 9c59270c3fd7afecdb556c50c9e8de78 -> 
  custom:audio-decoder-ogg-vorbis: bf7c407c2cedff20999df2af8eb42d56 -> 
  custom:audio-encoder-webm-vorbis: bf7c407c2cedff20999df2af8eb42d56 -> 
========================================================================
Received Import Request.
  path: Assets/Presets/Defaults/AlbedoTexture_Default.preset
  artifactKey: Guid(e8537455c6c08bd4e8bf0be3707da685) Importer(815301076,1909f56bfc062723c751e8b465ee728b)
Start importing Assets/Presets/Defaults/AlbedoTexture_Default.preset using Guid(e8537455c6c08bd4e8bf0be3707da685) Importer(815301076,1909f56bfc062723c751e8b465ee728b)  -> (artifact id: 'a39f5c6fcb9ea97bf434963b23d33ea7') in 0.671844 seconds 
  Import took 0.675985 seconds .

========================================================================
Received Import Request.
  Time since last request: 0.000329 seconds.
  path: Assets/Presets/Defaults/AudioDecompressOnLoad.preset
  artifactKey: Guid(e7689051185d12f4298e1ebb2693a29f) Importer(815301076,1909f56bfc062723c751e8b465ee728b)
Start importing Assets/Presets/Defaults/AudioDecompressOnLoad.preset using Guid(e7689051185d12f4298e1ebb2693a29f) Importer(815301076,1909f56bfc062723c751e8b465ee728b)  -> (artifact id: '89d1cf06e67cef88edace491fed66d7e') in 0.003683 seconds 
  Import took 0.006907 seconds .

========================================================================
Received Import Request.
  Time since last request: 0.000268 seconds.
  path: Assets/Presets/Defaults/DirectionalLight_Default.preset
  artifactKey: Guid(463065d4f17d1d94d848aa127b94dd43) Importer(815301076,1909f56bfc062723c751e8b465ee728b)
Start importing Assets/Presets/Defaults/DirectionalLight_Default.preset using Guid(463065d4f17d1d94d848aa127b94dd43) Importer(815301076,1909f56bfc062723c751e8b465ee728b)  -> (artifact id: '51a078c6ae54eb254be36a9378726b4a') in 0.002208 seconds 
  Import took 0.005844 seconds .

========================================================================
Received Import Request.
  Time since last request: 98.186585 seconds.
  path: Assets/Robot Kyle/Materials/Robot_Color.mat
  artifactKey: Guid(0aa851515cd3747d6b3b3e461199a2ed) Importer(815301076,1909f56bfc062723c751e8b465ee728b)
Start importing Assets/Robot Kyle/Materials/Robot_Color.mat using Guid(0aa851515cd3747d6b3b3e461199a2ed) Importer(815301076,1909f56bfc062723c751e8b465ee728b)  -> (artifact id: '2d38b7d8a24677c9800cc40677fd3ed1') in 1.054809 seconds 
  Import took 1.069749 seconds .

========================================================================
Received Import Request.
  Time since last request: 11.537261 seconds.
  path: Assets/SG2.mat
  artifactKey: Guid(d437d3e7c68454f8d8a18a839ff81ae6) Importer(815301076,1909f56bfc062723c751e8b465ee728b)
Start importing Assets/SG2.mat using Guid(d437d3e7c68454f8d8a18a839ff81ae6) Importer(815301076,1909f56bfc062723c751e8b465ee728b)  -> (artifact id: '194621dd5a590d1144c814d3fa47f4d2') in 0.140348 seconds 
  Import took 0.150558 seconds .

========================================================================
Received Import Request.
  Time since last request: 269.809272 seconds.
  path: Assets/SG2.shadergraph
  artifactKey: Guid(748e908011054452b861e36a6b783cf4) Importer(815301076,1909f56bfc062723c751e8b465ee728b)
Start importing Assets/SG2.shadergraph using Guid(748e908011054452b861e36a6b783cf4) Importer(815301076,1909f56bfc062723c751e8b465ee728b)  -> (artifact id: '6b57fb9aa4548ff682f1d09d9a478bec') in 0.195611 seconds 
  Import took 0.209210 seconds .

========================================================================
Received Prepare
Registering precompiled user dll's ...
Registered in 0.002394 seconds.
Begin MonoManager ReloadAssembly
Native extension for OSXStandalone target not found
Refreshing native plugins compatible for Editor in 0.47 ms, found 2 plugins.
Preloading 0 native plugins for Editor in 0.00 ms.
Mono: successfully reloaded assembly
- Completed reload, in  3.433 seconds
Domain Reload Profiling:
	ReloadAssembly (3435ms)
		BeginReloadAssembly (315ms)
			ExecutionOrderSort (0ms)
			DisableScriptedObjects (46ms)
			BackupInstance (0ms)
			ReleaseScriptingObjects (0ms)
			CreateAndSetChildDomain (129ms)
		EndReloadAssembly (3020ms)
			LoadAssemblies (225ms)
			RebuildTransferFunctionScriptingTraits (0ms)
			SetupTypeCache (388ms)
			ReleaseScriptCaches (2ms)
			RebuildScriptCaches (69ms)
			SetupLoadedEditorAssemblies (1901ms)
				LogAssemblyErrors (0ms)
				InitializePlatformSupportModulesInManaged (15ms)
				SetLoadedEditorAssemblies (2ms)
				RefreshPlugins (0ms)
				BeforeProcessingInitializeOnLoad (270ms)
				ProcessInitializeOnLoadAttributes (1581ms)
				ProcessInitializeOnLoadMethodAttributes (30ms)
				AfterProcessingInitializeOnLoad (1ms)
				EditorAssembliesLoaded (0ms)
			ExecutionOrderSort2 (0ms)
			AwakeInstancesAfterBackupRestoration (66ms)
Platform modules already initialized, skipping
Shader 'Universal Render Pipeline/Particles/Lit': fallback shader 'Universal Render Pipeline/Particles/SimpleLit' not found
Shader 'Universal Render Pipeline/Particles/Lit': fallback shader 'Universal Render Pipeline/Particles/SimpleLit' not found
Refreshing native plugins compatible for Editor in 0.56 ms, found 2 plugins.
Preloading 0 native plugins for Editor in 0.00 ms.
Unloading 2717 Unused Serialized files (Serialized files now loaded: 0)
System memory in use before: 230.0 MB.
System memory in use after: 227.3 MB.

Unloading 47 unused Assets to reduce memory usage. Loaded Objects now: 3287.
Total: 8.489209 ms (FindLiveObjects: 0.823958 ms CreateObjectMapping: 0.156250 ms MarkObjects: 5.605708 ms  DeleteObjects: 1.901459 ms)

AssetImportParameters requested are different than current active one (requested -> active):
  custom:video-decoder-ogg-theora: a1e56fd34408186e4bbccfd4996cb3dc -> 
  custom:container-muxer-webm: aa71ff27fc2769a1b78a27578f13a17b -> 
  custom:container-demuxer-webm: 4f35f7cbe854078d1ac9338744f61a02 -> 
  custom:container-demuxer-ogg: 62fdf1f143b41e24485cea50d1cbac27 -> 
  custom:video-encoder-webm-vp8: eb34c28f22e8b96e1ab97ce403110664 -> 
  custom:framework-osx-AVFoundation: e770b220cccbd017edd2c1fefb359320 -> 
  custom:video-decoder-webm-vp8: 9c59270c3fd7afecdb556c50c9e8de78 -> 
  custom:audio-decoder-ogg-vorbis: bf7c407c2cedff20999df2af8eb42d56 -> 
  custom:audio-encoder-webm-vorbis: bf7c407c2cedff20999df2af8eb42d56 -> 
========================================================================
Received Prepare
Registering precompiled user dll's ...
Registered in 0.004941 seconds.
Begin MonoManager ReloadAssembly
Native extension for OSXStandalone target not found
Refreshing native plugins compatible for Editor in 0.44 ms, found 2 plugins.
Preloading 0 native plugins for Editor in 0.00 ms.
Mono: successfully reloaded assembly
- Completed reload, in  2.682 seconds
Domain Reload Profiling:
	ReloadAssembly (2683ms)
		BeginReloadAssembly (273ms)
			ExecutionOrderSort (0ms)
			DisableScriptedObjects (38ms)
			BackupInstance (0ms)
			ReleaseScriptingObjects (0ms)
			CreateAndSetChildDomain (111ms)
		EndReloadAssembly (2314ms)
			LoadAssemblies (226ms)
			RebuildTransferFunctionScriptingTraits (0ms)
			SetupTypeCache (372ms)
			ReleaseScriptCaches (1ms)
			RebuildScriptCaches (62ms)
			SetupLoadedEditorAssemblies (1314ms)
				LogAssemblyErrors (0ms)
				InitializePlatformSupportModulesInManaged (15ms)
				SetLoadedEditorAssemblies (2ms)
				RefreshPlugins (0ms)
				BeforeProcessingInitializeOnLoad (263ms)
				ProcessInitializeOnLoadAttributes (1007ms)
				ProcessInitializeOnLoadMethodAttributes (25ms)
				AfterProcessingInitializeOnLoad (1ms)
				EditorAssembliesLoaded (0ms)
			ExecutionOrderSort2 (0ms)
			AwakeInstancesAfterBackupRestoration (62ms)
Platform modules already initialized, skipping
Shader 'Universal Render Pipeline/Particles/Lit': fallback shader 'Universal Render Pipeline/Particles/SimpleLit' not found
Shader 'Universal Render Pipeline/Particles/Lit': fallback shader 'Universal Render Pipeline/Particles/SimpleLit' not found
Refreshing native plugins compatible for Editor in 0.42 ms, found 2 plugins.
Preloading 0 native plugins for Editor in 0.00 ms.
Unloading 2717 Unused Serialized files (Serialized files now loaded: 0)
System memory in use before: 230.3 MB.
System memory in use after: 227.7 MB.

Unloading 47 unused Assets to reduce memory usage. Loaded Objects now: 3290.
Total: 3.280333 ms (FindLiveObjects: 0.203792 ms CreateObjectMapping: 0.060458 ms MarkObjects: 1.716708 ms  DeleteObjects: 1.298625 ms)

AssetImportParameters requested are different than current active one (requested -> active):
  custom:video-decoder-ogg-theora: a1e56fd34408186e4bbccfd4996cb3dc -> 
  custom:container-muxer-webm: aa71ff27fc2769a1b78a27578f13a17b -> 
  custom:container-demuxer-webm: 4f35f7cbe854078d1ac9338744f61a02 -> 
  custom:container-demuxer-ogg: 62fdf1f143b41e24485cea50d1cbac27 -> 
  custom:video-encoder-webm-vp8: eb34c28f22e8b96e1ab97ce403110664 -> 
  custom:framework-osx-AVFoundation: e770b220cccbd017edd2c1fefb359320 -> 
  custom:video-decoder-webm-vp8: 9c59270c3fd7afecdb556c50c9e8de78 -> 
  custom:audio-decoder-ogg-vorbis: bf7c407c2cedff20999df2af8eb42d56 -> 
  custom:audio-encoder-webm-vorbis: bf7c407c2cedff20999df2af8eb42d56 -> 
========================================================================
Received Import Request.
  Time since last request: 2636.022025 seconds.
  path: Assets/SG2.shadergraph
  artifactKey: Guid(748e908011054452b861e36a6b783cf4) Importer(815301076,1909f56bfc062723c751e8b465ee728b)
Start importing Assets/SG2.shadergraph using Guid(748e908011054452b861e36a6b783cf4) Importer(815301076,1909f56bfc062723c751e8b465ee728b)  -> (artifact id: '1b3bf7531fc45965e2fb4d871cafdce9') in 0.073013 seconds 
  Import took 0.091354 seconds .

========================================================================
Received Import Request.
  Time since last request: 155.923611 seconds.
  path: Assets/SG2.shadergraph
  artifactKey: Guid(748e908011054452b861e36a6b783cf4) Importer(815301076,1909f56bfc062723c751e8b465ee728b)
Start importing Assets/SG2.shadergraph using Guid(748e908011054452b861e36a6b783cf4) Importer(815301076,1909f56bfc062723c751e8b465ee728b)  -> (artifact id: '927d6adc8f75f530ec80c889aba7e6a1') in 0.012606 seconds 
  Import took 0.024685 seconds .

========================================================================
Received Import Request.
  Time since last request: 1900.401174 seconds.
  path: Assets/HologramLines2.png
  artifactKey: Guid(9df2d151bb9d34d79a38e37b16c378bc) Importer(815301076,1909f56bfc062723c751e8b465ee728b)
Start importing Assets/HologramLines2.png using Guid(9df2d151bb9d34d79a38e37b16c378bc) Importer(815301076,1909f56bfc062723c751e8b465ee728b)  -> (artifact id: '0381027b27a90aba93b7c9385a9cdcd2') in 0.679677 seconds 
  Import took 0.705241 seconds .

========================================================================
Received Import Request.
  Time since last request: 0.000784 seconds.
  path: Assets/HologramLinex.jpeg
  artifactKey: Guid(f0cca5053c9304118b1efa1ac4915315) Importer(815301076,1909f56bfc062723c751e8b465ee728b)
Start importing Assets/HologramLinex.jpeg using Guid(f0cca5053c9304118b1efa1ac4915315) Importer(815301076,1909f56bfc062723c751e8b465ee728b)  -> (artifact id: '5024ff4c56e013e7122973691e634d33') in 0.420583 seconds 
  Import took 0.423606 seconds .

========================================================================
Received Import Request.
  Time since last request: 16.497323 seconds.
  path: Assets/HologramLines1.jpeg
  artifactKey: Guid(f0cca5053c9304118b1efa1ac4915315) Importer(815301076,1909f56bfc062723c751e8b465ee728b)
Start importing Assets/HologramLines1.jpeg using Guid(f0cca5053c9304118b1efa1ac4915315) Importer(815301076,1909f56bfc062723c751e8b465ee728b)  -> (artifact id: 'f7df4747d84a3a297f5ccb89755037b4') in 0.008193 seconds 
  Import took 0.013288 seconds .

========================================================================
Received Import Request.
  Time since last request: 3187.343216 seconds.
  path: Assets/SG3.shadergraph
  artifactKey: Guid(496da5b65e6fd4ee79453192a649df07) Importer(815301076,1909f56bfc062723c751e8b465ee728b)
Start importing Assets/SG3.shadergraph using Guid(496da5b65e6fd4ee79453192a649df07) Importer(815301076,1909f56bfc062723c751e8b465ee728b)  -> (artifact id: '2fa322aa5c8c816574567f7a08839509') in 0.010171 seconds 
  Import took 0.023577 seconds .

========================================================================
Received Import Request.
  Time since last request: 6.588936 seconds.
  path: Assets/SG2.mat
  artifactKey: Guid(d437d3e7c68454f8d8a18a839ff81ae6) Importer(815301076,1909f56bfc062723c751e8b465ee728b)
Start importing Assets/SG2.mat using Guid(d437d3e7c68454f8d8a18a839ff81ae6) Importer(815301076,1909f56bfc062723c751e8b465ee728b)  -> (artifact id: 'cfe63286666e8ec46cf97d4678e8e93e') in 0.532914 seconds 
  Import took 0.537936 seconds .

========================================================================
Received Import Request.
  Time since last request: 0.000232 seconds.
  path: Assets/SG3.mat
  artifactKey: Guid(5656cf9763a1c4f05989745b22c8e1a2) Importer(815301076,1909f56bfc062723c751e8b465ee728b)
Start importing Assets/SG3.mat using Guid(5656cf9763a1c4f05989745b22c8e1a2) Importer(815301076,1909f56bfc062723c751e8b465ee728b)  -> (artifact id: 'a5939e34972833c161634db7a0fdb05d') in 0.029929 seconds 
  Import took 0.033848 seconds .

